Release 14.7 - ngc2edif P.20131013 (nt64)
Copyright (c) 1995-2013 Xilinx, Inc.  All rights reserved.
Reading design NES_Nexys4.ngc ...
WARNING:NetListWriters:298 - No output is written to NES_Nexys4.xncf, ignored.
Processing design ...
   Preping design's networks ...
   Preping design's macros ...
WARNING:NetListWriters:306 - Signal bus doubler_pixel[14 : 1] on block
   NES_Nexys4 is not reconstructed, because there are some missing bus signals.
WARNING:NetListWriters:306 - Signal bus loader_btn[7 : 0] on block NES_Nexys4 is
   not reconstructed, because there are some missing bus signals.
WARNING:NetListWriters:306 - Signal bus nes/addr[15 : 0] on block NES_Nexys4 is
   not reconstructed, because there are some missing bus signals.
WARNING:NetListWriters:306 - Signal bus nes/apu_dout[3 : 0] on block NES_Nexys4
   is not reconstructed, because there are some missing bus signals.
WARNING:NetListWriters:306 - Signal bus
   nes/apu/Sq2/Madd_ShiftedPeriod[10]_GND_60_o_add_3_OUT_cy[5 : 1] on block
   NES_Nexys4 is not reconstructed, because there are some missing bus signals.
WARNING:NetListWriters:306 - Signal bus nes/apu/Sq1/PeriodRhs[5 : 1] on block
   NES_Nexys4 is not reconstructed, because there are some missing bus signals.
WARNING:NetListWriters:306 - Signal bus nes/cpu/MicroCode[37 : 0] on block
   NES_Nexys4 is not reconstructed, because there are some missing bus signals.
WARNING:NetListWriters:306 - Signal bus nes/ppu/loopy0/Madd_n0131_Madd_lut[5 :
   0] on block NES_Nexys4 is not reconstructed, because there are some missing
   bus signals.
WARNING:NetListWriters:306 - Signal bus hq2x/Next1[14]_Prev0[14]_mux_6_OUT[10 :
   0] on block NES_Nexys4 is not reconstructed, because there are some missing
   bus signals.
WARNING:NetListWriters:306 - Signal bus hq2x/Next2[14]_Prev1[14]_mux_12_OUT[10 :
   0] on block NES_Nexys4 is not reconstructed, because there are some missing
   bus signals.
WARNING:NetListWriters:306 - Signal bus hq2x/blender/H[14]_B[14]_mux_0_OUT[14 :
   0] on block NES_Nexys4 is not reconstructed, because there are some missing
   bus signals.
WARNING:NetListWriters:306 - Signal bus
   hq2x/blender/inner_blend3/Mmult_Cmul_Madd_cy[4 : 2] on block NES_Nexys4 is
   not reconstructed, because there are some missing bus signals.
WARNING:NetListWriters:306 - Signal bus
   hq2x/blender/inner_blend2/Mmult_Cmul_Madd_cy[4 : 2] on block NES_Nexys4 is
   not reconstructed, because there are some missing bus signals.
WARNING:NetListWriters:306 - Signal bus
   hq2x/blender/inner_blend1/Mmult_Cmul_Madd_cy[4 : 2] on block NES_Nexys4 is
   not reconstructed, because there are some missing bus signals.
WARNING:NetListWriters:306 - Signal bus hq2x/blender/diff_checker/Msub_b_cy[3 :
   0] on block NES_Nexys4 is not reconstructed, because there are some missing
   bus signals.
WARNING:NetListWriters:306 - Signal bus hq2x/blender/diff_checker/Msub_g_cy[3 :
   0] on block NES_Nexys4 is not reconstructed, because there are some missing
   bus signals.
WARNING:NetListWriters:306 - Signal bus hq2x/blender/diff_checker/Msub_r_cy[3 :
   0] on block NES_Nexys4 is not reconstructed, because there are some missing
   bus signals.
WARNING:NetListWriters:306 - Signal bus hq2x/diffcheck1/Msub_b_cy[3 : 0] on
   block NES_Nexys4 is not reconstructed, because there are some missing bus
   signals.
WARNING:NetListWriters:306 - Signal bus hq2x/diffcheck1/Msub_r_cy[3 : 0] on
   block NES_Nexys4 is not reconstructed, because there are some missing bus
   signals.
WARNING:NetListWriters:306 - Signal bus hq2x/diffcheck0/Msub_b_cy[3 : 0] on
   block NES_Nexys4 is not reconstructed, because there are some missing bus
   signals.
WARNING:NetListWriters:306 - Signal bus hq2x/diffcheck0/Msub_r_cy[3 : 0] on
   block NES_Nexys4 is not reconstructed, because there are some missing bus
   signals.
WARNING:NetListWriters:306 - Signal bus loader/ines_15[127 : 74] on block
   NES_Nexys4 is not reconstructed, because there are some missing bus signals.
  finished :Prep
Writing EDIF netlist file NES_Nexys4.edif ...
ngc2edif: Total memory usage is 88080 kilobytes

