Release 14.7 Map P.20131013 (nt64)
Xilinx Mapping Report File for Design 'CPU'

Design Information
------------------
Command Line   : map -intstyle ise -p xc3s400-pq208-4 -cm area -ir off -pr off
-c 100 -o CPU_map.ncd CPU.ngd CPU.pcf 
Target Device  : xc3s400
Target Package : pq208
Target Speed   : -4
Mapper Version : spartan3 -- $Revision: 1.55 $
Mapped Date    : Tue Dec 08 09:02:26 2015

Design Summary
--------------
Number of errors:      0
Number of warnings:    2
Logic Utilization:
  Number of Slice Flip Flops:            95 out of   7,168    1%
  Number of 4 input LUTs:               428 out of   7,168    5%
Logic Distribution:
  Number of occupied Slices:            230 out of   3,584    6%
    Number of Slices containing only related logic:     230 out of     230 100%
    Number of Slices containing unrelated logic:          0 out of     230   0%
      *See NOTES below for an explanation of the effects of unrelated logic.
  Total Number of 4 input LUTs:         431 out of   7,168    6%
    Number used as logic:               428
    Number used as a route-thru:          3

  The Slice Logic Distribution report is not meaningful if the design is
  over-mapped for a non-slice resource or if Placement fails.

  Number of bonded IOBs:                 39 out of     141   27%
  Number of RAMB16s:                      2 out of      16   12%
  Number of BUFGMUXs:                     1 out of       8   12%

Average Fanout of Non-Clock Nets:                3.95

Peak Memory Usage:  302 MB
Total REAL time to MAP completion:  2 secs 
Total CPU time to MAP completion:   1 secs 

NOTES:

   Related logic is defined as being logic that shares connectivity - e.g. two
   LUTs are "related" if they share common inputs.  When assembling slices,
   Map gives priority to combine logic that is related.  Doing so results in
   the best timing performance.

   Unrelated logic shares no connectivity.  Map will only begin packing
   unrelated logic into a slice once 99% of the slices are occupied through
   related logic packing.

   Note that once logic distribution reaches the 99% level through related
   logic packing, this does not mean the device is completely utilized.
   Unrelated logic packing will then begin, continuing until all usable LUTs
   and FFs are occupied.  Depending on your timing budget, increased levels of
   unrelated logic packing may adversely affect the overall timing performance
   of your design.

Table of Contents
-----------------
Section 1 - Errors
Section 2 - Warnings
Section 3 - Informational
Section 4 - Removed Logic Summary
Section 5 - Removed Logic
Section 6 - IOB Properties
Section 7 - RPMs
Section 8 - Guide Report
Section 9 - Area Group and Partition Summary
Section 10 - Timing Report
Section 11 - Configuration String Information
Section 12 - Control Set Information
Section 13 - Utilization by Hierarchy

Section 1 - Errors
------------------

Section 2 - Warnings
--------------------
WARNING:Pack:266 - The function generator new_alu/Mmux_L_36 failed to merge with
   F5 multiplexer new_alu/Mmux__old_R_13_6_f5_5.  There is a conflict for the
   FXMUX.  The design will exhibit suboptimal timing.
WARNING:Pack:266 - The function generator new_alu/Mmux_L_37 failed to merge with
   F5 multiplexer new_alu/Mmux__old_R_13_6_f5_6.  There is a conflict for the
   FXMUX.  The design will exhibit suboptimal timing.

Section 3 - Informational
-------------------------
INFO:MapLib:562 - No environment variables are currently set.
INFO:LIT:244 - All of the single ended outputs in this design are using slew
   rate limited output drivers. The delay on speed critical single ended outputs
   can be dramatically reduced by designating them as fast outputs.

Section 4 - Removed Logic Summary
---------------------------------
   2 block(s) optimized away

Section 5 - Removed Logic
-------------------------

Optimized Block(s):
TYPE 		BLOCK
GND 		XST_GND
VCC 		XST_VCC

To enable printing of redundant blocks removed and signals merged, set the
detailed map report option and rerun map.

Section 6 - IOB Properties
--------------------------

+---------------------------------------------------------------------------------------------------------------------------------------------------------+
| IOB Name                           | Type             | Direction | IO Standard          | Diff  | Drive    | Slew | Reg (s)      | Resistor | IOB      |
|                                    |                  |           |                      | Term  | Strength | Rate |              |          | Delay    |
+---------------------------------------------------------------------------------------------------------------------------------------------------------+
| DIN<0>                             | IOB              | INPUT     | LVCMOS25             |       |          |      |              |          |          |
| DIN<1>                             | IOB              | INPUT     | LVCMOS25             |       |          |      |              |          |          |
| DIN<2>                             | IOB              | INPUT     | LVCMOS25             |       |          |      |              |          |          |
| DIN<3>                             | IOB              | INPUT     | LVCMOS25             |       |          |      |              |          |          |
| DIN<4>                             | IOB              | INPUT     | LVCMOS25             |       |          |      |              |          |          |
| DIN<5>                             | IOB              | INPUT     | LVCMOS25             |       |          |      |              |          |          |
| DIN<6>                             | IOB              | INPUT     | LVCMOS25             |       |          |      |              |          |          |
| DIN<7>                             | IOB              | INPUT     | LVCMOS25             |       |          |      |              |          |          |
| aout<0>                            | IOB              | OUTPUT    | LVCMOS25             |       | 12       | SLOW |              |          |          |
| aout<1>                            | IOB              | OUTPUT    | LVCMOS25             |       | 12       | SLOW |              |          |          |
| aout<2>                            | IOB              | OUTPUT    | LVCMOS25             |       | 12       | SLOW |              |          |          |
| aout<3>                            | IOB              | OUTPUT    | LVCMOS25             |       | 12       | SLOW |              |          |          |
| aout<4>                            | IOB              | OUTPUT    | LVCMOS25             |       | 12       | SLOW |              |          |          |
| aout<5>                            | IOB              | OUTPUT    | LVCMOS25             |       | 12       | SLOW |              |          |          |
| aout<6>                            | IOB              | OUTPUT    | LVCMOS25             |       | 12       | SLOW |              |          |          |
| aout<7>                            | IOB              | OUTPUT    | LVCMOS25             |       | 12       | SLOW |              |          |          |
| aout<8>                            | IOB              | OUTPUT    | LVCMOS25             |       | 12       | SLOW |              |          |          |
| aout<9>                            | IOB              | OUTPUT    | LVCMOS25             |       | 12       | SLOW |              |          |          |
| aout<10>                           | IOB              | OUTPUT    | LVCMOS25             |       | 12       | SLOW |              |          |          |
| aout<11>                           | IOB              | OUTPUT    | LVCMOS25             |       | 12       | SLOW |              |          |          |
| aout<12>                           | IOB              | OUTPUT    | LVCMOS25             |       | 12       | SLOW |              |          |          |
| aout<13>                           | IOB              | OUTPUT    | LVCMOS25             |       | 12       | SLOW |              |          |          |
| aout<14>                           | IOB              | OUTPUT    | LVCMOS25             |       | 12       | SLOW |              |          |          |
| aout<15>                           | IOB              | OUTPUT    | LVCMOS25             |       | 12       | SLOW |              |          |          |
| ce                                 | IOB              | INPUT     | LVCMOS25             |       |          |      |              |          |          |
| clk                                | IOB              | INPUT     | LVCMOS25             |       |          |      |              |          |          |
| dout<0>                            | IOB              | OUTPUT    | LVCMOS25             |       | 12       | SLOW |              |          |          |
| dout<1>                            | IOB              | OUTPUT    | LVCMOS25             |       | 12       | SLOW |              |          |          |
| dout<2>                            | IOB              | OUTPUT    | LVCMOS25             |       | 12       | SLOW |              |          |          |
| dout<3>                            | IOB              | OUTPUT    | LVCMOS25             |       | 12       | SLOW |              |          |          |
| dout<4>                            | IOB              | OUTPUT    | LVCMOS25             |       | 12       | SLOW |              |          |          |
| dout<5>                            | IOB              | OUTPUT    | LVCMOS25             |       | 12       | SLOW |              |          |          |
| dout<6>                            | IOB              | OUTPUT    | LVCMOS25             |       | 12       | SLOW |              |          |          |
| dout<7>                            | IOB              | OUTPUT    | LVCMOS25             |       | 12       | SLOW |              |          |          |
| irq                                | IOB              | INPUT     | LVCMOS25             |       |          |      |              |          |          |
| mr                                 | IOB              | OUTPUT    | LVCMOS25             |       | 12       | SLOW |              |          |          |
| mw                                 | IOB              | OUTPUT    | LVCMOS25             |       | 12       | SLOW |              |          |          |
| nmi                                | IOB              | INPUT     | LVCMOS25             |       |          |      |              |          |          |
| reset                              | IOB              | INPUT     | LVCMOS25             |       |          |      |              |          |          |
+---------------------------------------------------------------------------------------------------------------------------------------------------------+

Section 7 - RPMs
----------------

Section 8 - Guide Report
------------------------
Guide not run on this design.

Section 9 - Area Group and Partition Summary
--------------------------------------------

Partition Implementation Status
-------------------------------

  No Partitions were found in this design.

-------------------------------

Area Group Information
----------------------

  No area groups were found in this design.

----------------------

Section 10 - Timing Report
--------------------------
This design was not run using timing mode.

Section 11 - Configuration String Details
-----------------------------------------
Use the "-detail" map option to print out Configuration Strings

Section 12 - Control Set Information
------------------------------------
No control set information for this architecture.

Section 13 - Utilization by Hierarchy
-------------------------------------
Use the "-detail" map option to print out the Utilization by Hierarchy section.
